\BOOKMARK [1][-]{section.0.1}{Esercizio 1 - Punti 2}{}% 1
\BOOKMARK [1][-]{section.0.2}{Esercizio 2 - Punti 5}{}% 2
\BOOKMARK [2][-]{subsection.0.2.1}{Indirizzamento}{section.0.2}% 3
\BOOKMARK [2][-]{subsection.0.2.2}{Encoder}{section.0.2}% 4
\BOOKMARK [2][-]{subsection.0.2.3}{Porte parallele P\137INi}{section.0.2}% 5
\BOOKMARK [2][-]{subsection.0.2.4}{Porta Seriale S\137OUT0}{section.0.2}% 6
\BOOKMARK [2][-]{subsection.0.2.5}{RAM}{section.0.2}% 7
\BOOKMARK [2][-]{subsection.0.2.6}{EPROM}{section.0.2}% 8
\BOOKMARK [2][-]{subsection.0.2.7}{DMAC}{section.0.2}% 9
\BOOKMARK [2][-]{subsection.0.2.8}{PIC}{section.0.2}% 10
\BOOKMARK [1][-]{section.0.3}{Esercizio 3 - Punti 5}{}% 11
\BOOKMARK [2][-]{subsection.0.3.1}{Flow chart dei task Idle, T0 e T1}{section.0.3}% 12
\BOOKMARK [2][-]{subsection.0.3.2}{Gestione degli interrupt}{section.0.3}% 13
\BOOKMARK [2][-]{subsection.0.3.3}{Note e possibili errori}{section.0.3}% 14
\BOOKMARK [1][-]{section.0.4}{Esercizio 4 - Punti -2...1}{}% 15
\BOOKMARK [1][-]{section.0.5}{Esercizio 5}{}% 16
\BOOKMARK [2][-]{subsection.0.5.1}{Punto \(a\)}{section.0.5}% 17
\BOOKMARK [2][-]{subsection.0.5.2}{Punto \(b\)}{section.0.5}% 18
\BOOKMARK [2][-]{subsection.0.5.3}{Punto \(c\)}{section.0.5}% 19
\BOOKMARK [2][-]{subsection.0.5.4}{Punto \(d\)}{section.0.5}% 20
\BOOKMARK [2][-]{subsection.0.5.5}{Punto \(e\)}{section.0.5}% 21
\BOOKMARK [2][-]{subsection.0.5.6}{Punto \(f\)}{section.0.5}% 22
